<?xml version="1.0" encoding="UTF-8"?>
<!-- Generated by org.testng.reporters.JUnitXMLReporter -->
<testsuite ignored="1" hostname="DESKTOP-GHCRDQQ" failures="0" tests="1" name="Default test" time="10.569" errors="0" timestamp="2023-09-19T13:39:32 IST">
  <testcase classname="TestRunner.TC_PatientPage_01" name="verifyContentPagination" time="5.642"/>
  <testcase classname="TestRunner.TC_PatientPage_01" name="verifyTitle" time="0.0">
    <ignored/>
  </testcase> <!-- verifyTitle -->
</testsuite> <!-- Default test -->
